<?xml version="1.0" encoding="UTF-8"?>
<!-- Generated by org.testng.reporters.JUnitReportReporter -->
<testsuite skipped="0" hostname="DESKTOP-MVN0FA7" name="com.hbt.semillero.servicios.GestionarComicPOJOTest" tests="3" failures="0" timestamp="2019-11-01T13:59:27 EST" time="0.012" errors="0">
  <testcase name="creartComicDTOTest" time="0.009" classname="com.hbt.semillero.servicios.GestionarComicPOJOTest"/>
  <testcase name="eliminarComic" time="0.002" classname="com.hbt.semillero.servicios.GestionarComicPOJOTest"/>
  <testcase name="modificarComicDTO" time="0.001" classname="com.hbt.semillero.servicios.GestionarComicPOJOTest"/>
</testsuite> <!-- com.hbt.semillero.servicios.GestionarComicPOJOTest -->
